<?xml version="1.0" encoding="UTF-8"?>
<!-- Generated by org.testng.reporters.JUnitXMLReporter -->
<testsuite ignored="0" hostname="DESKTOP-VHFI0LE" failures="0" tests="7" name="Test" time="140.125" errors="0" timestamp="2025-02-19T22:44:26 IST">
  <testcase classname="testCases.TC002_LoginTest_DataDriver" name="TC002_LoginTest_DataDriver" time="8.047"/>
  <testcase classname="testCases.TC002_LoginTest_DataDriver" name="TC002_LoginTest_DataDriver" time="23.721"/>
  <testcase classname="testCases.TC002_LoginTest_DataDriver" name="TC002_LoginTest_DataDriver" time="23.789"/>
  <testcase classname="testCases.TC002_LoginTest_DataDriver" name="TC002_LoginTest_DataDriver" time="24.258"/>
  <testcase classname="testCases.TC002_LoginTest_DataDriver" name="TC002_LoginTest_DataDriver" time="6.607"/>
  <testcase classname="testCases.TC002_LoginTest_DataDriver" name="TC002_LoginTest_DataDriver" time="23.755"/>
  <testcase classname="testCases.TC001_AccountRegistrationTest" name="verifyAccountRegistration" time="12.157"/>
</testsuite> <!-- Test -->
